<?xml version="1.0" encoding="UTF-8"?>
<!-- Generated by org.testng.reporters.JUnitXMLReporter -->
<testsuite hostname="Saarthi-C02G99Q2Q6L4.local" name="Test" tests="14" failures="1" timestamp="6 Jun 2023 19:06:23 GMT" time="57.724" errors="0">
  <testcase name="@AfterMethod tearDown" time="0.0" classname="tests.AmazonTests">
    <failure type="org.openqa.selenium.NoSuchSessionException" message="invalid session id
Build info: version: &amp;apos;4.4.0&amp;apos;, revision: &amp;apos;e5c75ed026a&amp;apos;
System info: host: &amp;apos;Saarthi-C02G99Q2Q6L4.local&amp;apos;, ip: &amp;apos;2409:40f2:26:8c51:84b2:6990:d89e:678%en0&amp;apos;, os.name: &amp;apos;Mac OS X&amp;apos;, os.arch: &amp;apos;x86_64&amp;apos;, os.version: &amp;apos;12.4&amp;apos;, java.version: &amp;apos;1.8.0_361&amp;apos;
Driver info: org.openqa.selenium.chrome.ChromeDriver
Command: [8ab134f73d46ff802238d010fe5ee4bf, close {}]
Capabilities {acceptInsecureCerts: false, browserName: chrome, browserVersion: 113.0.5672.126, chrome: {chromedriverVersion: 113.0.5672.63 (0e1a4471d5ae..., userDataDir: /var/folders/38/0wmr0nvn5wd...}, goog:chromeOptions: {debuggerAddress: localhost:55759}, networkConnectionEnabled: false, pageLoadStrategy: normal, platformName: MAC, proxy: Proxy(), se:cdp: ws://localhost:55759/devtoo..., se:cdpVersion: 113.0.5672.126, setWindowRect: true, strictFileInteractability: false, timeouts: {implicit: 0, pageLoad: 300000, script: 30000}, unhandledPromptBehavior: dismiss and notify, webauthn:extension:credBlob: true, webauthn:extension:largeBlob: true, webauthn:extension:minPinLength: true, webauthn:extension:prf: true, webauthn:virtualAuthenticators: true}
Session ID: 8ab134f73d46ff802238d010fe5ee4bf">
      <![CDATA[org.openqa.selenium.NoSuchSessionException: invalid session id
Build info: version: '4.4.0', revision: 'e5c75ed026a'
System info: host: 'Saarthi-C02G99Q2Q6L4.local', ip: '2409:40f2:26:8c51:84b2:6990:d89e:678%en0', os.name: 'Mac OS X', os.arch: 'x86_64', os.version: '12.4', java.version: '1.8.0_361'
Driver info: org.openqa.selenium.chrome.ChromeDriver
Command: [8ab134f73d46ff802238d010fe5ee4bf, close {}]
Capabilities {acceptInsecureCerts: false, browserName: chrome, browserVersion: 113.0.5672.126, chrome: {chromedriverVersion: 113.0.5672.63 (0e1a4471d5ae..., userDataDir: /var/folders/38/0wmr0nvn5wd...}, goog:chromeOptions: {debuggerAddress: localhost:55759}, networkConnectionEnabled: false, pageLoadStrategy: normal, platformName: MAC, proxy: Proxy(), se:cdp: ws://localhost:55759/devtoo..., se:cdpVersion: 113.0.5672.126, setWindowRect: true, strictFileInteractability: false, timeouts: {implicit: 0, pageLoad: 300000, script: 30000}, unhandledPromptBehavior: dismiss and notify, webauthn:extension:credBlob: true, webauthn:extension:largeBlob: true, webauthn:extension:minPinLength: true, webauthn:extension:prf: true, webauthn:virtualAuthenticators: true}
Session ID: 8ab134f73d46ff802238d010fe5ee4bf
	at org.openqa.selenium.remote.codec.w3c.W3CHttpResponseCodec.createException(W3CHttpResponseCodec.java:200)
	at org.openqa.selenium.remote.codec.w3c.W3CHttpResponseCodec.decode(W3CHttpResponseCodec.java:133)
	at org.openqa.selenium.remote.codec.w3c.W3CHttpResponseCodec.decode(W3CHttpResponseCodec.java:53)
	at org.openqa.selenium.remote.HttpCommandExecutor.execute(HttpCommandExecutor.java:184)
	at org.openqa.selenium.remote.service.DriverCommandExecutor.invokeExecute(DriverCommandExecutor.java:167)
	at org.openqa.selenium.remote.service.DriverCommandExecutor.execute(DriverCommandExecutor.java:142)
	at org.openqa.selenium.remote.RemoteWebDriver.execute(RemoteWebDriver.java:547)
	at org.openqa.selenium.remote.RemoteWebDriver.execute(RemoteWebDriver.java:602)
	at org.openqa.selenium.remote.RemoteWebDriver.execute(RemoteWebDriver.java:606)
	at org.openqa.selenium.remote.RemoteWebDriver.close(RemoteWebDriver.java:432)
	at TestComponents.BaseTest.tearDown(BaseTest.java:110)
... Removed 34 stack frames]]>
    </failure>
  </testcase> <!-- @AfterMethod tearDown -->
  <testcase name="@BeforeMethod methodName" time="0.0" classname="tests.AmazonTests">
    <skipped/>
  </testcase> <!-- @BeforeMethod methodName -->
  <testcase name="@AfterMethod tearDown" time="0.0" classname="tests.AmazonTests">
    <skipped/>
  </testcase> <!-- @AfterMethod tearDown -->
  <testcase name="@BeforeMethod methodName" time="0.0" classname="tests.AmazonTests">
    <skipped/>
  </testcase> <!-- @BeforeMethod methodName -->
  <testcase name="@AfterMethod tearDown" time="0.0" classname="tests.AmazonTests">
    <skipped/>
  </testcase> <!-- @AfterMethod tearDown -->
  <testcase name="@BeforeMethod methodName" time="0.0" classname="tests.AmazonTests">
    <skipped/>
  </testcase> <!-- @BeforeMethod methodName -->
  <testcase name="@AfterMethod tearDown" time="0.0" classname="tests.AmazonTests">
    <skipped/>
  </testcase> <!-- @AfterMethod tearDown -->
  <testcase name="@BeforeMethod methodName" time="0.0" classname="tests.AmazonTests">
    <skipped/>
  </testcase> <!-- @BeforeMethod methodName -->
  <testcase name="@AfterMethod tearDown" time="0.0" classname="tests.AmazonTests">
    <skipped/>
  </testcase> <!-- @AfterMethod tearDown -->
  <testcase name="@BeforeMethod methodName" time="0.0" classname="tests.AmazonTests">
    <skipped/>
  </testcase> <!-- @BeforeMethod methodName -->
  <testcase name="@AfterMethod tearDown" time="0.0" classname="tests.AmazonTests">
    <skipped/>
  </testcase> <!-- @AfterMethod tearDown -->
  <testcase name="@BeforeMethod methodName" time="0.0" classname="tests.AmazonTests">
    <skipped/>
  </testcase> <!-- @BeforeMethod methodName -->
  <testcase name="@AfterMethod tearDown" time="0.0" classname="tests.AmazonTests">
    <skipped/>
  </testcase> <!-- @AfterMethod tearDown -->
  <testcase name="@BeforeMethod methodName" time="0.0" classname="tests.AmazonTests">
    <skipped/>
  </testcase> <!-- @BeforeMethod methodName -->
  <testcase name="@AfterMethod tearDown" time="0.0" classname="tests.AmazonTests">
    <skipped/>
  </testcase> <!-- @AfterMethod tearDown -->
  <testcase name="@BeforeMethod methodName" time="0.0" classname="tests.AmazonTests">
    <skipped/>
  </testcase> <!-- @BeforeMethod methodName -->
  <testcase name="@AfterMethod tearDown" time="0.0" classname="tests.AmazonTests">
    <skipped/>
  </testcase> <!-- @AfterMethod tearDown -->
  <testcase name="@BeforeMethod methodName" time="0.0" classname="tests.AmazonTests">
    <skipped/>
  </testcase> <!-- @BeforeMethod methodName -->
  <testcase name="@AfterMethod tearDown" time="0.0" classname="tests.AmazonTests">
    <skipped/>
  </testcase> <!-- @AfterMethod tearDown -->
  <testcase name="@BeforeMethod methodName" time="0.0" classname="tests.AmazonTests">
    <skipped/>
  </testcase> <!-- @BeforeMethod methodName -->
  <testcase name="@AfterMethod tearDown" time="0.0" classname="tests.AmazonTests">
    <skipped/>
  </testcase> <!-- @AfterMethod tearDown -->
  <testcase name="@BeforeMethod methodName" time="0.0" classname="tests.AmazonTests">
    <skipped/>
  </testcase> <!-- @BeforeMethod methodName -->
  <testcase name="@AfterMethod tearDown" time="0.0" classname="tests.AmazonTests">
    <skipped/>
  </testcase> <!-- @AfterMethod tearDown -->
  <testcase name="@BeforeMethod methodName" time="0.0" classname="tests.AmazonTests">
    <skipped/>
  </testcase> <!-- @BeforeMethod methodName -->
  <testcase name="@AfterMethod tearDown" time="0.0" classname="tests.AmazonTests">
    <skipped/>
  </testcase> <!-- @AfterMethod tearDown -->
  <testcase name="@AfterClass tearDown" time="0.0" classname="tests.AmazonTests">
    <skipped/>
  </testcase> <!-- @AfterClass tearDown -->
  <testcase name="validate_Languages" time="34.77" classname="tests.AmazonTests"/>
  <testcase name="validate_SearchDropdownOptions" time="0.265" classname="tests.AmazonTests">
    <failure type="org.openqa.selenium.NoSuchSessionException" message="invalid session id
Build info: version: &amp;apos;4.4.0&amp;apos;, revision: &amp;apos;e5c75ed026a&amp;apos;
System info: host: &amp;apos;Saarthi-C02G99Q2Q6L4.local&amp;apos;, ip: &amp;apos;2409:40f2:26:8c51:84b2:6990:d89e:678%en0&amp;apos;, os.name: &amp;apos;Mac OS X&amp;apos;, os.arch: &amp;apos;x86_64&amp;apos;, os.version: &amp;apos;12.4&amp;apos;, java.version: &amp;apos;1.8.0_361&amp;apos;
Driver info: org.openqa.selenium.chrome.ChromeDriver
Command: [8ab134f73d46ff802238d010fe5ee4bf, findElement {using=xpath, value=//select[@title=&amp;apos;Search in&amp;apos;]}]
Capabilities {acceptInsecureCerts: false, browserName: chrome, browserVersion: 113.0.5672.126, chrome: {chromedriverVersion: 113.0.5672.63 (0e1a4471d5ae..., userDataDir: /var/folders/38/0wmr0nvn5wd...}, goog:chromeOptions: {debuggerAddress: localhost:55759}, networkConnectionEnabled: false, pageLoadStrategy: normal, platformName: MAC, proxy: Proxy(), se:cdp: ws://localhost:55759/devtoo..., se:cdpVersion: 113.0.5672.126, setWindowRect: true, strictFileInteractability: false, timeouts: {implicit: 0, pageLoad: 300000, script: 30000}, unhandledPromptBehavior: dismiss and notify, webauthn:extension:credBlob: true, webauthn:extension:largeBlob: true, webauthn:extension:minPinLength: true, webauthn:extension:prf: true, webauthn:virtualAuthenticators: true}
Session ID: 8ab134f73d46ff802238d010fe5ee4bf">
      <![CDATA[org.openqa.selenium.NoSuchSessionException: invalid session id
Build info: version: '4.4.0', revision: 'e5c75ed026a'
System info: host: 'Saarthi-C02G99Q2Q6L4.local', ip: '2409:40f2:26:8c51:84b2:6990:d89e:678%en0', os.name: 'Mac OS X', os.arch: 'x86_64', os.version: '12.4', java.version: '1.8.0_361'
Driver info: org.openqa.selenium.chrome.ChromeDriver
Command: [8ab134f73d46ff802238d010fe5ee4bf, findElement {using=xpath, value=//select[@title='Search in']}]
Capabilities {acceptInsecureCerts: false, browserName: chrome, browserVersion: 113.0.5672.126, chrome: {chromedriverVersion: 113.0.5672.63 (0e1a4471d5ae..., userDataDir: /var/folders/38/0wmr0nvn5wd...}, goog:chromeOptions: {debuggerAddress: localhost:55759}, networkConnectionEnabled: false, pageLoadStrategy: normal, platformName: MAC, proxy: Proxy(), se:cdp: ws://localhost:55759/devtoo..., se:cdpVersion: 113.0.5672.126, setWindowRect: true, strictFileInteractability: false, timeouts: {implicit: 0, pageLoad: 300000, script: 30000}, unhandledPromptBehavior: dismiss and notify, webauthn:extension:credBlob: true, webauthn:extension:largeBlob: true, webauthn:extension:minPinLength: true, webauthn:extension:prf: true, webauthn:virtualAuthenticators: true}
Session ID: 8ab134f73d46ff802238d010fe5ee4bf
	at org.openqa.selenium.remote.codec.w3c.W3CHttpResponseCodec.createException(W3CHttpResponseCodec.java:200)
	at org.openqa.selenium.remote.codec.w3c.W3CHttpResponseCodec.decode(W3CHttpResponseCodec.java:133)
	at org.openqa.selenium.remote.codec.w3c.W3CHttpResponseCodec.decode(W3CHttpResponseCodec.java:53)
	at org.openqa.selenium.remote.HttpCommandExecutor.execute(HttpCommandExecutor.java:184)
	at org.openqa.selenium.remote.service.DriverCommandExecutor.invokeExecute(DriverCommandExecutor.java:167)
	at org.openqa.selenium.remote.service.DriverCommandExecutor.execute(DriverCommandExecutor.java:142)
	at org.openqa.selenium.remote.RemoteWebDriver.execute(RemoteWebDriver.java:547)
	at org.openqa.selenium.remote.ElementLocation$ElementFinder$2.findElement(ElementLocation.java:162)
	at org.openqa.selenium.remote.ElementLocation.findElement(ElementLocation.java:60)
	at org.openqa.selenium.remote.RemoteWebDriver.findElement(RemoteWebDriver.java:365)
	at org.openqa.selenium.remote.RemoteWebDriver.findElement(RemoteWebDriver.java:357)
	at org.openqa.selenium.support.pagefactory.DefaultElementLocator.findElement(DefaultElementLocator.java:70)
	at org.openqa.selenium.support.pagefactory.internal.LocatingElementHandler.invoke(LocatingElementHandler.java:39)
	at com.sun.proxy.$Proxy15.getTagName(Unknown Source)
	at org.openqa.selenium.support.ui.Select.<init>(Select.java:46)
	at abstractComponents.AbstractComponents.SelectOptions(AbstractComponents.java:90)
	at tests.AmazonTests.validate_SearchDropdownOptions(AmazonTests.java:38)
... Removed 32 stack frames]]>
    </failure>
  </testcase> <!-- validate_SearchDropdownOptions -->
  <testcase name="validate_SearchDropdownOptions" time="0.0" classname="tests.AmazonTests">
    <skipped/>
  </testcase> <!-- validate_SearchDropdownOptions -->
  <testcase name="validate_SearchDropdownOptions" time="0.0" classname="tests.AmazonTests">
    <skipped/>
  </testcase> <!-- validate_SearchDropdownOptions -->
  <testcase name="validate_SearchDropdownOptions" time="0.0" classname="tests.AmazonTests">
    <skipped/>
  </testcase> <!-- validate_SearchDropdownOptions -->
  <testcase name="validate_SearchDropdownOptions" time="0.0" classname="tests.AmazonTests">
    <skipped/>
  </testcase> <!-- validate_SearchDropdownOptions -->
  <testcase name="validate_SearchDropdownOptions" time="0.0" classname="tests.AmazonTests">
    <skipped/>
  </testcase> <!-- validate_SearchDropdownOptions -->
  <testcase name="validate_SearchDropdownOptions" time="0.0" classname="tests.AmazonTests">
    <skipped/>
  </testcase> <!-- validate_SearchDropdownOptions -->
  <testcase name="validate_SearchDropdownOptions" time="0.0" classname="tests.AmazonTests">
    <skipped/>
  </testcase> <!-- validate_SearchDropdownOptions -->
  <testcase name="validate_SearchDropdownOptions" time="0.0" classname="tests.AmazonTests">
    <skipped/>
  </testcase> <!-- validate_SearchDropdownOptions -->
  <testcase name="validate_SearchDropdownOptions" time="0.0" classname="tests.AmazonTests">
    <skipped/>
  </testcase> <!-- validate_SearchDropdownOptions -->
  <testcase name="validate_SelectitemfromDropdown" time="0.0" classname="tests.AmazonTests">
    <skipped/>
  </testcase> <!-- validate_SelectitemfromDropdown -->
  <testcase name="validate_SelectitemfromDropdown" time="0.0" classname="tests.AmazonTests">
    <skipped/>
  </testcase> <!-- validate_SelectitemfromDropdown -->
  <testcase name="validate_pageTitle" time="0.0" classname="tests.AmazonTests">
    <skipped/>
  </testcase> <!-- validate_pageTitle -->
</testsuite> <!-- Test -->
